<?xml version="1.0" encoding="UTF-8"?>
<!-- Generated by org.testng.reporters.JUnitReportReporter -->
<testsuite hostname="TG" failures="0" tests="3" name="test.java.carritocompras.EuroAmericaTest" time="2.467" errors="1" timestamp="2024-08-21T11:13:08 GMT-04:00" skipped="2">
  <testcase classname="test.java.carritocompras.EuroAmericaTest" name="beforeMethodMethod" time="2.467">
    <error message="session not created: This version of ChromeDriver only supports Chrome version 124
Current browser version is 127.0.6533.120 with binary path C:\Program Files\Google\Chrome\Application\chrome.exe
Build info: version: &#039;3.8.1&#039;, revision: &#039;6e95a6684b&#039;, time: &#039;2017-12-01T18:33:54.468Z&#039;
System info: host: &#039;TG&#039;, ip: &#039;192.168.15.1&#039;, os.name: &#039;Windows 11&#039;, os.arch: &#039;amd64&#039;, os.version: &#039;10.0&#039;, java.version: &#039;17.0.10&#039;
Driver info: driver.version: ChromeDriver
remote stacktrace: 	GetHandleVerifier [0x00007FF6623C1572+60802]
	(No symbol) [0x00007FF66233AC72]
	(No symbol) [0x00007FF6621F7CE4]
	(No symbol) [0x00007FF662235942]
	(No symbol) [0x00007FF662234B42]
	(No symbol) [0x00007FF66222F8D3]
	(No symbol) [0x00007FF66222AA64]
	(No symbol) [0x00007FF662276037]
	(No symbol) [0x00007FF6622756B0]
	(No symbol) [0x00007FF66226A923]
	(No symbol) [0x00007FF662238FEC]
	(No symbol) [0x00007FF662239C21]
	GetHandleVerifier [0x00007FF6626C420D+3217949]
	GetHandleVerifier [0x00007FF6627061A7+3488183]
	GetHandleVerifier [0x00007FF6626FF12F+3459391]
	GetHandleVerifier [0x00007FF66247B936+823622]
	(No symbol) [0x00007FF66234600F]
	(No symbol) [0x00007FF662340F34]
	(No symbol) [0x00007FF6623410C2]
	(No symbol) [0x00007FF662331914]
	BaseThreadInitThunk [0x00007FFA5757257D+29]
	RtlUserThreadStart [0x00007FFA57A2AF28+40]
" type="org.openqa.selenium.SessionNotCreatedException">
      <![CDATA[org.openqa.selenium.SessionNotCreatedException: session not created: This version of ChromeDriver only supports Chrome version 124
Current browser version is 127.0.6533.120 with binary path C:\Program Files\Google\Chrome\Application\chrome.exe
Build info: version: '3.8.1', revision: '6e95a6684b', time: '2017-12-01T18:33:54.468Z'
System info: host: 'TG', ip: '192.168.15.1', os.name: 'Windows 11', os.arch: 'amd64', os.version: '10.0', java.version: '17.0.10'
Driver info: driver.version: ChromeDriver
remote stacktrace: GetHandleVerifier [0x00007FF6623C1572+60802]
(No symbol) [0x00007FF66233AC72]
(No symbol) [0x00007FF6621F7CE4]
(No symbol) [0x00007FF662235942]
(No symbol) [0x00007FF662234B42]
(No symbol) [0x00007FF66222F8D3]
(No symbol) [0x00007FF66222AA64]
(No symbol) [0x00007FF662276037]
(No symbol) [0x00007FF6622756B0]
(No symbol) [0x00007FF66226A923]
(No symbol) [0x00007FF662238FEC]
(No symbol) [0x00007FF662239C21]
GetHandleVerifier [0x00007FF6626C420D+3217949]
GetHandleVerifier [0x00007FF6627061A7+3488183]
GetHandleVerifier [0x00007FF6626FF12F+3459391]
GetHandleVerifier [0x00007FF66247B936+823622]
(No symbol) [0x00007FF66234600F]
(No symbol) [0x00007FF662340F34]
(No symbol) [0x00007FF6623410C2]
(No symbol) [0x00007FF662331914]
BaseThreadInitThunk [0x00007FFA5757257D+29]
RtlUserThreadStart [0x00007FFA57A2AF28+40]

at java.base/jdk.internal.reflect.NativeConstructorAccessorImpl.newInstance0(Native Method)
at java.base/jdk.internal.reflect.NativeConstructorAccessorImpl.newInstance(NativeConstructorAccessorImpl.java:77)
at java.base/jdk.internal.reflect.DelegatingConstructorAccessorImpl.newInstance(DelegatingConstructorAccessorImpl.java:45)
at java.base/java.lang.reflect.Constructor.newInstanceWithCaller(Constructor.java:499)
at java.base/java.lang.reflect.Constructor.newInstance(Constructor.java:480)
at org.openqa.selenium.remote.W3CHandshakeResponse.lambda$new$0(W3CHandshakeResponse.java:57)
at org.openqa.selenium.remote.W3CHandshakeResponse.lambda$getResponseFunction$2(W3CHandshakeResponse.java:104)
at org.openqa.selenium.remote.ProtocolHandshake.lambda$createSession$0(ProtocolHandshake.java:123)
at java.base/java.util.stream.ReferencePipeline$3$1.accept(ReferencePipeline.java:197)
at java.base/java.util.Spliterators$ArraySpliterator.tryAdvance(Spliterators.java:1002)
at java.base/java.util.stream.ReferencePipeline.forEachWithCancel(ReferencePipeline.java:129)
at java.base/java.util.stream.AbstractPipeline.copyIntoWithCancel(AbstractPipeline.java:527)
at java.base/java.util.stream.AbstractPipeline.copyInto(AbstractPipeline.java:513)
at java.base/java.util.stream.AbstractPipeline.wrapAndCopyInto(AbstractPipeline.java:499)
at java.base/java.util.stream.FindOps$FindOp.evaluateSequential(FindOps.java:150)
at java.base/java.util.stream.AbstractPipeline.evaluate(AbstractPipeline.java:234)
at java.base/java.util.stream.ReferencePipeline.findFirst(ReferencePipeline.java:647)
at org.openqa.selenium.remote.ProtocolHandshake.createSession(ProtocolHandshake.java:126)
at org.openqa.selenium.remote.ProtocolHandshake.createSession(ProtocolHandshake.java:73)
at org.openqa.selenium.remote.HttpCommandExecutor.execute(HttpCommandExecutor.java:142)
at org.openqa.selenium.remote.service.DriverCommandExecutor.execute(DriverCommandExecutor.java:83)
at org.openqa.selenium.remote.RemoteWebDriver.execute(RemoteWebDriver.java:601)
at org.openqa.selenium.remote.RemoteWebDriver.startSession(RemoteWebDriver.java:219)
at org.openqa.selenium.remote.RemoteWebDriver.<init>(RemoteWebDriver.java:142)
at org.openqa.selenium.chrome.ChromeDriver.<init>(ChromeDriver.java:181)
at org.openqa.selenium.chrome.ChromeDriver.<init>(ChromeDriver.java:168)
at org.openqa.selenium.chrome.ChromeDriver.<init>(ChromeDriver.java:157)
at test.java.BaseTest.setUpDriver(BaseTest.java:116)
at test.java.BaseTest.beforeMethodMethod(BaseTest.java:54)
at java.base/jdk.internal.reflect.NativeMethodAccessorImpl.invoke0(Native Method)
at java.base/jdk.internal.reflect.NativeMethodAccessorImpl.invoke(NativeMethodAccessorImpl.java:77)
at java.base/jdk.internal.reflect.DelegatingMethodAccessorImpl.invoke(DelegatingMethodAccessorImpl.java:43)
at java.base/java.lang.reflect.Method.invoke(Method.java:568)
at org.testng.internal.MethodInvocationHelper.invokeMethod(MethodInvocationHelper.java:133)
at org.testng.internal.MethodInvocationHelper.invokeMethodConsideringTimeout(MethodInvocationHelper.java:62)
at org.testng.internal.ConfigInvoker.invokeConfigurationMethod(ConfigInvoker.java:385)
at org.testng.internal.ConfigInvoker.invokeConfigurations(ConfigInvoker.java:321)
at org.testng.internal.TestInvoker.runConfigMethods(TestInvoker.java:700)
at org.testng.internal.TestInvoker.invokeMethod(TestInvoker.java:527)
at org.testng.internal.TestInvoker.invokeTestMethod(TestInvoker.java:173)
at org.testng.internal.MethodRunner.runInSequence(MethodRunner.java:46)
at org.testng.internal.TestInvoker$MethodInvocationAgent.invoke(TestInvoker.java:824)
at org.testng.internal.TestInvoker.invokeTestMethods(TestInvoker.java:146)
at org.testng.internal.TestMethodWorker.invokeTestMethods(TestMethodWorker.java:146)
at org.testng.internal.TestMethodWorker.run(TestMethodWorker.java:128)
at java.base/java.util.ArrayList.forEach(ArrayList.java:1511)
at org.testng.TestRunner.privateRun(TestRunner.java:794)
at org.testng.TestRunner.run(TestRunner.java:596)
at org.testng.SuiteRunner.runTest(SuiteRunner.java:377)
at org.testng.SuiteRunner.runSequentially(SuiteRunner.java:371)
at org.testng.SuiteRunner.privateRun(SuiteRunner.java:332)
at org.testng.SuiteRunner.run(SuiteRunner.java:276)
at org.testng.SuiteRunnerWorker.runSuite(SuiteRunnerWorker.java:53)
at org.testng.SuiteRunnerWorker.run(SuiteRunnerWorker.java:96)
at org.testng.TestNG.runSuitesSequentially(TestNG.java:1212)
at org.testng.TestNG.runSuitesLocally(TestNG.java:1134)
at org.testng.TestNG.runSuites(TestNG.java:1063)
at org.testng.TestNG.run(TestNG.java:1031)
at org.apache.maven.surefire.testng.TestNGExecutor.run(TestNGExecutor.java:281)
at org.apache.maven.surefire.testng.TestNGXmlTestSuite.execute(TestNGXmlTestSuite.java:75)
at org.apache.maven.surefire.testng.TestNGProvider.invoke(TestNGProvider.java:121)
at org.apache.maven.surefire.booter.ForkedBooter.invokeProviderInSameClassLoader(ForkedBooter.java:290)
at org.apache.maven.surefire.booter.ForkedBooter.runSuitesInProcess(ForkedBooter.java:242)
at org.apache.maven.surefire.booter.ForkedBooter.main(ForkedBooter.java:121)
]]>
    </error>
  </testcase> <!-- beforeMethodMethod -->
  <system-out/>
  <testcase classname="test.java.carritocompras.EuroAmericaTest" name="BusquedaCredito" time="0.000">
    <skipped/>
  </testcase> <!-- BusquedaCredito -->
  <system-out/>
  <testcase classname="test.java.carritocompras.EuroAmericaTest" name="BusquedaPensionado">
    <skipped/>
  </testcase> <!-- BusquedaPensionado -->
  <system-out/>
</testsuite> <!-- test.java.carritocompras.EuroAmericaTest -->
